<?xml version="1.0" encoding="UTF-8"?>
<!-- Generated by org.testng.reporters.JUnitReportReporter -->
<testsuite hostname="Mahesh" name="myPack.Vjay" tests="6" failures="0" timestamp="22 Sep 2020 03:30:48 GMT" time="37.544" errors="0">
  <testcase name="editEmp" time="0.000" classname="myPack.Vjay"/>
  <testcase name="addCompany" time="0.011" classname="myPack.Vjay"/>
  <testcase name="verifyLogin" time="11.452" classname="myPack.Vjay"/>
  <testcase name="addEmp" time="26.080" classname="myPack.Vjay"/>
  <testcase name="editCompany" time="0.000" classname="myPack.Vjay"/>
  <testcase name="deleteEmp" time="0.001" classname="myPack.Vjay"/>
</testsuite> <!-- myPack.Vjay -->
